<?xml version="1.0" encoding="UTF-8"?>
<!-- Generated by org.testng.reporters.JUnitReportReporter -->
<testsuite hostname="hp" failures="0" tests="1" name="TestNG.Frames" time="510.506" errors="0" timestamp="2023-04-21T19:36:48 IST" skipped="0">
  <testcase classname="TestNG.Frames" name="testframe" time="510.506"/>
  <system-out/>
</testsuite> <!-- TestNG.Frames -->
