<?xml version="1.0" encoding="UTF-8"?>
<!-- Generated by org.testng.reporters.JUnitReportReporter -->
<testsuite hostname="hp" failures="0" tests="1" name="TestNG.Alert" time="15.288" errors="0" timestamp="2023-04-20T16:54:09 IST" skipped="0">
  <testcase classname="TestNG.Alert" name="handlealert" time="15.288"/>
  <system-out/>
</testsuite> <!-- TestNG.Alert -->
