<?xml version="1.0" encoding="UTF-8"?>
<!-- Generated by org.testng.reporters.JUnitReportReporter -->
<testsuite hostname="hp" failures="0" tests="1" name="TestNG.Alertclass" time="19.800" errors="0" timestamp="2023-04-20T17:21:04 IST" skipped="0">
  <testcase classname="TestNG.Alertclass" name="handlealert" time="19.800"/>
  <system-out/>
</testsuite> <!-- TestNG.Alertclass -->
