<?xml version="1.0" encoding="UTF-8"?>
<!-- Generated by org.testng.reporters.JUnitReportReporter -->
<testsuite hostname="hp" failures="0" tests="1" name="DataProvider.DataReader" time="0.574" errors="0" timestamp="2023-04-17T22:23:58 IST" skipped="0">
  <testcase classname="DataProvider.DataReader" name="getdetails" time="0.574"/>
  <system-out/>
</testsuite> <!-- DataProvider.DataReader -->
