<?xml version="1.0" encoding="UTF-8"?>
<!-- Generated by org.testng.reporters.JUnitReportReporter -->
<testsuite hostname="hp" failures="0" tests="1" name="TestNG.SampleTest" time="6.151" errors="0" timestamp="2023-04-12T20:32:05 IST" skipped="0">
  <testcase classname="TestNG.SampleTest" name="testscript" time="6.151"/>
  <system-out/>
</testsuite> <!-- TestNG.SampleTest -->
