<?xml version="1.0" encoding="UTF-8"?>
<!-- Generated by org.testng.reporters.JUnitReportReporter -->
<testsuite hostname="hp" failures="0" tests="1" name="TestNG.Annotations_1" time="0.012" errors="0" timestamp="2023-04-12T20:10:50 IST" skipped="0">
  <testcase classname="TestNG.Annotations_1" name="add" time="0.012"/>
  <system-out/>
</testsuite> <!-- TestNG.Annotations_1 -->
