<?xml version="1.0" encoding="UTF-8"?>
<!-- Generated by org.testng.reporters.JUnitReportReporter -->
<testsuite hostname="hp" failures="0" tests="4" name="TestNG.Annotations" time="0.012" errors="0" timestamp="2023-04-12T20:10:50 IST" skipped="0">
  <testcase classname="TestNG.Annotations" name="reminder" time="0.002"/>
  <system-out/>
  <testcase classname="TestNG.Annotations" name="xyz" time="0.002"/>
  <system-out/>
  <testcase classname="TestNG.Annotations" name="addition" time="0.002"/>
  <system-out/>
  <testcase classname="TestNG.Annotations" name="percentage" time="0.006"/>
  <system-out/>
</testsuite> <!-- TestNG.Annotations -->
