<?xml version="1.0" encoding="UTF-8"?>
<!-- Generated by org.testng.reporters.JUnitReportReporter -->
<testsuite hostname="hp" failures="0" tests="1" name="TestNG.AssertionDemo" time="4.039" errors="0" timestamp="2023-04-17T19:13:45 IST" skipped="0">
  <testcase classname="TestNG.AssertionDemo" name="testMethod" time="4.039"/>
  <system-out/>
</testsuite> <!-- TestNG.AssertionDemo -->
