<?xml version="1.0" encoding="UTF-8"?>
<!-- Generated by org.testng.reporters.JUnitReportReporter -->
<testsuite hostname="hp" failures="0" tests="1" name="TestNG.SauceDemo" time="6.506" errors="0" timestamp="2023-04-18T18:00:03 IST" skipped="0">
  <testcase classname="TestNG.SauceDemo" name="test" time="6.506"/>
  <system-out/>
</testsuite> <!-- TestNG.SauceDemo -->
