<?xml version="1.0" encoding="UTF-8"?>
<!-- Generated by org.testng.reporters.JUnitReportReporter -->
<testsuite hostname="hp" failures="0" tests="4" name="TestNG.Test_DataProvider" time="44.989" errors="0" timestamp="2023-05-09T14:59:59 IST" skipped="0">
  <testcase classname="TestNG.Test_DataProvider" name="test" time="24.576"/>
  <system-out/>
  <testcase classname="TestNG.Test_DataProvider" name="test" time="6.748"/>
  <system-out/>
  <testcase classname="TestNG.Test_DataProvider" name="test" time="6.850"/>
  <system-out/>
  <testcase classname="TestNG.Test_DataProvider" name="test" time="6.815"/>
  <system-out/>
</testsuite> <!-- TestNG.Test_DataProvider -->
