<?xml version="1.0" encoding="UTF-8"?>
<!-- Generated by org.testng.reporters.JUnitReportReporter -->
<testsuite hostname="hp" failures="0" tests="1" name="TestNG.MyIntialTest" time="0.000" errors="0" timestamp="2023-04-18T22:49:31 IST" skipped="1">
  <testcase classname="TestNG.MyIntialTest" name="logintest" time="0.000">
    <skipped/>
  </testcase> <!-- logintest -->
  <system-out/>
</testsuite> <!-- TestNG.MyIntialTest -->
