<?xml version="1.0" encoding="UTF-8"?>
<!-- Generated by org.testng.reporters.JUnitReportReporter -->
<testsuite hostname="hp" failures="0" tests="1" name="TestNG.Multiply" time="0.001" errors="0" timestamp="2023-04-14T18:30:00 IST" skipped="0">
  <testcase classname="TestNG.Multiply" name="add" time="0.001"/>
  <system-out/>
</testsuite> <!-- TestNG.Multiply -->
